Tuesday 3rd of March 2020 04:49:20 PM, ### Integration SF Reset OTP: Json enviado -> {"userEmail":"villegas.alek@gmail.com","siteSignature":"CO_Pediasure"}
Tuesday 3rd of March 2020 04:49:21 PM, ### Integration SF Reset OTP: Respuesta -> {"rCode":"opCode_000","Operation Status":"Success"}
Tuesday 3rd of March 2020 04:49:21 PM, ### Integration SF ResetOTP: OTP regenerado con éxito!
Tuesday 3rd of March 2020 04:49:21 PM, ### Verifica Email ###
Tuesday 3rd of March 2020 04:49:21 PM, ### Integration SF Email Verify: Json enviado -> {"userName":"villegas.alek@gmail.com","email":"villegas.alek@gmail.com","siteSignature":"CO_Pediasure"}
Tuesday 3rd of March 2020 04:49:22 PM, ### Integration SF Email Verify: Respuesta -> {"rCode":"opCode_000","Operation Status":"Success"}
Tuesday 3rd of March 2020 04:49:22 PM, ### Integration SF Email Verify: Email existe, se puede loguear!
Tuesday 3rd of March 2020 04:49:22 PM, ### Loguea ###
Tuesday 3rd of March 2020 04:49:22 PM, ### Integration SF Login: Json enviado -> {"userName":"villegas.alek@gmail.com","password":"MfbyIaIv5fhyLkG3XY\/fLgHqw8gj06o3pynaADFFkks=","siteSignature":"CO_Pediasure"}
Tuesday 3rd of March 2020 04:49:22 PM, ### Integration SF Login: Respuesta -> {"rCode":"opCode_000","Operation Status":"Success"}
Tuesday 3rd of March 2020 04:49:22 PM, ### Integration SF Login: Usuario existe, se va a actualizar y loguear!
Tuesday 3rd of March 2020 04:49:22 PM, ### Integration SF: Some Customer data updated!
Tuesday 3rd of March 2020 04:49:22 PM, ### Integration SF Login: Logueado con éxito!
Friday 13th of March 2020 10:06:53 AM, ### Integration SF Reset OTP: Json enviado -> {"userEmail":"villegas.alek@gmail.com","siteSignature":"CO_Pediasure"}
Friday 13th of March 2020 10:06:54 AM, ### Integration SF Reset OTP: Respuesta -> {"rCode":"opCode_000","Operation Status":"Success"}
Friday 13th of March 2020 10:06:54 AM, ### Integration SF ResetOTP: OTP regenerado con éxito!
Friday 13th of March 2020 10:06:54 AM, ### Verifica Email ###
Friday 13th of March 2020 10:06:54 AM, ### Integration SF Email Verify: Json enviado -> {"userName":"villegas.alek@gmail.com","email":"villegas.alek@gmail.com","siteSignature":"CO_Pediasure"}
Friday 13th of March 2020 10:06:54 AM, ### Integration SF Email Verify: Respuesta -> {"rCode":"opCode_000","Operation Status":"Success"}
Friday 13th of March 2020 10:06:54 AM, ### Integration SF Email Verify: Email existe, se puede loguear!
Friday 13th of March 2020 10:06:54 AM, ### Loguea ###
Friday 13th of March 2020 10:06:54 AM, ### Integration SF Login: Json enviado -> {"userName":"villegas.alek@gmail.com","password":"MfbyIaIv5fhyLkG3XY\/fLgHqw8gj06o3pynaADFFkks=","siteSignature":"CO_Pediasure"}
Friday 13th of March 2020 10:06:55 AM, ### Integration SF Login: Respuesta -> {"rCode":"opCode_000","Operation Status":"Success"}
Friday 13th of March 2020 10:06:55 AM, ### Integration SF Login: Usuario existe, se va a actualizar y loguear!
Friday 13th of March 2020 10:06:55 AM, ### Integration SF: Some Customer data updated!
Friday 13th of March 2020 10:06:55 AM, ### Integration SF Login: Logueado con éxito!
Friday 13th of March 2020 10:08:20 AM, ### Customer ID: 
Friday 13th of March 2020 10:08:20 AM, ### Integration SF Reset OTP: Json enviado -> {"userEmail":"prueba22.g@gmail.com","siteSignature":"CO_Pediasure"}
Friday 13th of March 2020 10:08:21 AM, ### Integration SF Reset OTP: Respuesta -> {"rCode":"errCode_010","Error Message":"User not found","Operation Status":"Fail"}
Friday 13th of March 2020 10:08:21 AM, ### Integration SF ResetOTP: Email no existe, se puede crear el registro!
Friday 13th of March 2020 10:08:21 AM, ### Registra ###
Friday 13th of March 2020 10:08:21 AM, ### Integration SF: Json enviado -> {"body":{"conInput":{"FIRSTNAME":"prueba p","LASTNAME":"villegas","Email":"prueba22.g@gmail.com","MobilePhone":"6545646584654","Birthdate":"1993-03-10","MailingCountry__c":"Colombia","City__c":"","MailingPostalCode":"","MailingStreet":"","Sex__c":""},"wsuInput":{"Name":"prueba22.g@gmail.com","UserID__c":"","Password__c":"MfbyIaIv5fhyLkG3XY\/fLgHqw8gj06o3pynaADFFkks=","UserEmail__c":"prueba22.g@gmail.com","IDKind__c":"Text","IDNumber__c":"","OneTimePassword__c":"123456"},"childrenInput":[]},"siteSignature":"CO_Pediasure"}
Friday 13th of March 2020 10:08:23 AM, ### Integration SF: Respuesta -> {"rCode":"opCode_000","Operation Status":"Success"}
Friday 13th of March 2020 10:08:23 AM, ### Integration SF: Usuario creado en saleforce!
Friday 13th of March 2020 10:08:23 AM, ### Validate email en PS: Usuario no existe en prestashop, se va a crear!
Friday 13th of March 2020 10:08:26 AM, ### Integration SF: Address customer created!
Thursday 19th of March 2020 02:31:37 AM, ### Integration SF Reset OTP: Json enviado -> {"userEmail":"villegas.alek@gmail.com","siteSignature":"CO_Pediasure"}
Thursday 19th of March 2020 02:31:37 AM, ### Integration SF Reset OTP: Respuesta -> {"rCode":"opCode_000","Operation Status":"Success"}
Thursday 19th of March 2020 02:31:37 AM, ### Integration SF ResetOTP: OTP regenerado con éxito!
Thursday 19th of March 2020 02:31:37 AM, ### Verifica Email ###
Thursday 19th of March 2020 02:31:37 AM, ### Integration SF Email Verify: Json enviado -> {"userName":"villegas.alek@gmail.com","email":"villegas.alek@gmail.com","siteSignature":"CO_Pediasure"}
Thursday 19th of March 2020 02:31:38 AM, ### Integration SF Email Verify: Respuesta -> {"rCode":"opCode_000","Operation Status":"Success"}
Thursday 19th of March 2020 02:31:38 AM, ### Integration SF Email Verify: Email existe, se puede loguear!
Thursday 19th of March 2020 02:31:38 AM, ### Loguea ###
Thursday 19th of March 2020 02:31:38 AM, ### Integration SF Login: Json enviado -> {"userName":"villegas.alek@gmail.com","password":"MfbyIaIv5fhyLkG3XY\/fLgHqw8gj06o3pynaADFFkks=","siteSignature":"CO_Pediasure"}
Thursday 19th of March 2020 02:31:39 AM, ### Integration SF Login: Respuesta -> {"rCode":"opCode_000","Operation Status":"Success"}
Thursday 19th of March 2020 02:31:39 AM, ### Integration SF Login: Usuario existe, se va a actualizar y loguear!
Thursday 19th of March 2020 02:31:39 AM, ### Integration SF: Some Customer data updated!
Thursday 19th of March 2020 02:31:39 AM, ### Integration SF Login: Logueado con éxito!
Wednesday 25th of March 2020 05:11:24 PM, ### Integration SF Reset OTP: Json enviado -> {"userEmail":"villegas.alek@gmail.com","siteSignature":"CO_Pediasure"}
Wednesday 25th of March 2020 05:11:27 PM, ### Integration SF Reset OTP: Respuesta -> {"rCode":"opCode_000","Operation Status":"Success"}
Wednesday 25th of March 2020 05:11:27 PM, ### Integration SF ResetOTP: OTP regenerado con éxito!
Wednesday 25th of March 2020 05:11:27 PM, ### Verifica Email ###
Wednesday 25th of March 2020 05:11:27 PM, ### Integration SF Email Verify: Json enviado -> {"userName":"villegas.alek@gmail.com","email":"villegas.alek@gmail.com","siteSignature":"CO_Pediasure"}
Wednesday 25th of March 2020 05:11:29 PM, ### Integration SF Email Verify: Respuesta -> {"rCode":"opCode_000","Operation Status":"Success"}
Wednesday 25th of March 2020 05:11:29 PM, ### Integration SF Email Verify: Email existe, se puede loguear!
Wednesday 25th of March 2020 05:11:29 PM, ### Loguea ###
Wednesday 25th of March 2020 05:11:29 PM, ### Integration SF Login: Json enviado -> {"userName":"villegas.alek@gmail.com","password":"MfbyIaIv5fhyLkG3XY\/fLgHqw8gj06o3pynaADFFkks=","siteSignature":"CO_Pediasure"}
Wednesday 25th of March 2020 05:11:29 PM, ### Integration SF Login: Respuesta -> {"rCode":"opCode_000","Operation Status":"Success"}
Wednesday 25th of March 2020 05:11:29 PM, ### Integration SF Login: Usuario existe, se va a actualizar y loguear!
Wednesday 25th of March 2020 05:11:29 PM, ### Integration SF: Some Customer data updated!
Wednesday 25th of March 2020 05:11:29 PM, ### Integration SF Login: Logueado con éxito!
